<?xml version="1.0" encoding="UTF-8"?>
<!-- Generated by org.testng.reporters.JUnitReportReporter -->
<testsuite hostname="Daizys-MacBook-Pro.local" failures="0" tests="1" name="testcases.HomePageTest" time="4.663" errors="0" timestamp="2025-06-28T17:41:41 PDT" skipped="0">
  <testcase classname="testcases.HomePageTest" name="sortedList" time="4.663"/>
</testsuite> <!-- testcases.HomePageTest -->
