<?xml version="1.0" encoding="UTF-8"?>
<!-- Generated by org.testng.reporters.JUnitReportReporter -->
<testsuite hostname="JATIN" failures="0" tests="1" name="testcases.HomepageTest" time="3.620" errors="0" timestamp="2025-06-23T22:10:36 EDT" skipped="0">
  <testcase classname="testcases.HomepageTest" name="clawhammerpricevalidationtest" time="3.620"/>
</testsuite> <!-- testcases.HomepageTest -->
