<?xml version="1.0" encoding="UTF-8"?>
<!-- Generated by org.testng.reporters.JUnitReportReporter -->
<testsuite hostname="Karamjeets-Air" failures="0" tests="1" name="categoriestestcase.testCategories" time="24.207" errors="0" timestamp="2025-06-29T20:26:01 EDT" skipped="0">
  <testcase classname="categoriestestcase.testCategories" name="BaseCategories" time="24.207"/>
</testsuite> <!-- categoriestestcase.testCategories -->
