<?xml version="1.0" encoding="UTF-8"?>
<!-- Generated by org.testng.reporters.JUnitReportReporter -->
<testsuite hostname="MacBook-Air.local" failures="0" tests="1" name="testcases.CordlessDrillTest" time="23.549" errors="0" timestamp="2025-06-24T16:15:54 EDT" skipped="0">
  <testcase classname="testcases.CordlessDrillTest" name="cordlessDrillTests" time="23.549"/>
</testsuite> <!-- testcases.CordlessDrillTest -->
