<?xml version="1.0" encoding="UTF-8"?>
<!-- Generated by org.testng.reporters.JUnitReportReporter -->
<testsuite hostname="JATIN" failures="0" tests="1" name="testcases.CustomerRegistrationTests" time="2.717" errors="0" timestamp="2025-06-23T22:12:47 EDT" skipped="0">
  <testcase classname="testcases.CustomerRegistrationTests" name="newCustomerRegTest" time="2.717"/>
</testsuite> <!-- testcases.CustomerRegistrationTests -->
