<?xml version="1.0" encoding="UTF-8"?>
<!-- Generated by org.testng.reporters.JUnitReportReporter -->
<testsuite hostname="Pawankaur-09" failures="0" tests="1" name="testcases.ContactPageTest" time="4.932" errors="0" timestamp="2025-06-24T09:16:26 MDT" skipped="0">
  <testcase classname="testcases.ContactPageTest" name="contactFormSubmissionTest" time="4.932"/>
</testsuite> <!-- testcases.ContactPageTest -->
