<?xml version="1.0" encoding="UTF-8"?>
<!-- Generated by org.testng.reporters.JUnitReportReporter -->
<testsuite hostname="Daizys-MacBook-Pro.local" failures="0" tests="1" name="testcases.AddToFavourites" time="9.190" errors="0" timestamp="2025-06-25T15:33:13 PDT" skipped="0">
  <testcase classname="testcases.AddToFavourites" name="selectItem" time="9.190"/>
</testsuite> <!-- testcases.AddToFavourites -->
