<?xml version="1.0" encoding="UTF-8"?>
<!-- Generated by org.testng.reporters.JUnitReportReporter -->
<testsuite hostname="Daizys-MacBook-Pro.local" failures="0" tests="1" name="testcases.CustomerRegistrationTests" time="6.728" errors="0" timestamp="2025-07-01T14:05:36 PDT" skipped="0">
  <testcase classname="testcases.CustomerRegistrationTests" name="newCustomerRegTest" time="6.728"/>
</testsuite> <!-- testcases.CustomerRegistrationTests -->
