<?xml version="1.0" encoding="UTF-8"?>
<!-- Generated by org.testng.reporters.JUnitReportReporter -->
<testsuite hostname="Daizys-MacBook-Pro.local" failures="0" tests="1" name="testcases.AddToFavourites" time="10.391" errors="0" timestamp="2025-06-24T22:39:21 PDT" skipped="0">
  <testcase classname="testcases.AddToFavourites" name="selectItem" time="10.391"/>
</testsuite> <!-- testcases.AddToFavourites -->
